<?xml version="1.0" encoding="UTF-8"?>

<beans xmlns="http://www.springframework.org/schema/beans"
	xmlns:xsi="http://www.w3.org/2001/XMLSchema-instance"
	xmlns:aop="http://www.springframework.org/schema/aop"
	xmlns:tx="http://www.springframework.org/schema/tx"
	xmlns:context="http://www.springframework.org/schema/context"
	xmlns:jdbc="http://www.springframework.org/schema/jdbc"
	xsi:schemaLocation="http://www.springframework.org/schema/jdbc http://www.springframework.org/schema/jdbc/spring-jdbc-4.1.xsd
		http://www.springframework.org/schema/beans http://www.springframework.org/schema/beans/spring-beans.xsd
		http://www.springframework.org/schema/context http://www.springframework.org/schema/context/spring-context-4.0.xsd
		http://www.springframework.org/schema/aop http://www.springframework.org/schema/aop/spring-aop-4.1.xsd
		http://www.springframework.org/schema/tx http://www.springframework.org/schema/tx/spring-tx-4.0.xsd">
		
	<jdbc:embedded-database id="embeddedDatabase" type="H2">
		<jdbc:script location="classpath:/sql/query/sqlRegistrySchema.sql" />
	</jdbc:embedded-database>
	
	<bean id="dataSource" class="org.springframework.jdbc.datasource.SimpleDriverDataSource">
		<property name="driverClass" value="com.mysql.jdbc.Driver" />
		<property name="url" value="jdbc:mysql://localhost/springbooktest" />
		<property name="username" value="spring" />
		<property name="password" value="book" />
	</bean>
	
	<!-- 새로운 jdbcContext를 bean으로 등록 -->
	
	<bean id="transactionManager" class="org.springframework.jdbc.datasource.DataSourceTransactionManager">
		<property name="dataSource" ref="dataSource" />
	</bean>	
	<bean id="mailSender" class="me.dec7.user.service.DummyMailSender" />
	
	<tx:annotation-driven />
	<context:annotation-config />
	
	<aop:config>
		<aop:advisor advice-ref="transactionAdvice" pointcut="bean(*Service)" />
	</aop:config>
	
	<tx:advice id="transactionAdvice">
		<tx:attributes>
			<!-- PROPAGATION이 REQUIRED는 생략가능 -->
			<tx:method name="get*" read-only="true" />
			<tx:method name="*" />
		</tx:attributes>
	</tx:advice>
	
	<bean id="sqlRegistry" class="me.dec7.issuetracker.sqlservice.updatable.EmbeddedDbSqlRegistry">
		<property name="dataSource" ref="embeddedDatabase" />
	</bean>
	
	<bean id="sqlService" class="me.dec7.user.sqlservice.OxmSqlService">
		<property name="unmarshaller" ref="unmarshaller" />
		<property name="sqlMap" value="classpath:me/dec7/user/dao/sqlmap.xml" />
		<property name="sqlRegistry" ref="sqlRegistry" />
	</bean>
	
	<bean id="unmarshaller" class="org.springframework.oxm.jaxb.Jaxb2Marshaller">
		<property name="contextPath" value="me.dec7.user.sqlservice.jaxb" />
	</bean>
	
	<bean id="userDao" class="me.dec7.user.dao.UserDaoJdbc">
		<property name="dataSource" ref="dataSource" />
		<property name="sqlService" ref="sqlService" />
	</bean>
	
	<bean id="userService" class="me.dec7.user.service.UserServiceImpl">
		<property name="userDao" ref="userDao" />
		<property name="mailSender" ref="mailSender" />
	</bean>
	
	<bean id="testUserService" class="me.dec7.user.service.UserServiceTest$TestUserServiceImpl" parent="userService" />

</beans>
