<?xml version="1.0" encoding="UTF-8"?>

<beans xmlns="http://www.springframework.org/schema/beans"
	xmlns:xsi="http://www.w3.org/2001/XMLSchema-instance"
	xsi:schemaLocation="http://www.springframework.org/schema/beans http://www.springframework.org/schema/beans/spring-beans.xsd">
	
	<bean id="dataSource" class="org.springframework.jdbc.datasource.SimpleDriverDataSource">
		<property name="driverClass" value="com.mysql.jdbc.Driver" />
		<property name="url" value="jdbc:mysql://localhost/springbooktest" />
		<property name="username" value="spring" />
		<property name="password" value="book" />
	</bean>
	
	<!-- 새로운 jdbcContext를 bean으로 등록 -->
	<bean id="jdbcContext" class="me.dec7.user.dao.JdbcContext">
		<property name="dataSource" ref="dataSource" />
	</bean>
	
	<bean id="userDao" class="me.dec7.user.dao.UserDaoJdbc">
		<property name="dataSource" ref="dataSource" />
		
		<!-- bean 의존관계 변경 -->
		<!-- <property name="jdbcContext" ref="jdbcContext" /> -->
	</bean>
	


</beans>
